<?xml version="1.0" encoding="UTF-8"?>
<!-- Generated by org.testng.reporters.JUnitReportReporter -->
<testsuite skipped="0" hostname="BLRW3003034" name="com.AppScriptBag.Tests.AddOrRemoveBag" tests="2" failures="0" timestamp="10 Oct 2017 06:07:38 GMT" time="77.688" errors="0">
  <testcase name="AddToCart" time="53.568" classname="com.AppScriptBag.Tests.AddOrRemoveBag"/>
  <testcase name="RemoveBag" time="24.120" classname="com.AppScriptBag.Tests.AddOrRemoveBag"/>
</testsuite> <!-- com.AppScriptBag.Tests.AddOrRemoveBag -->
