<?xml version="1.0" encoding="UTF-8"?>
<!-- Generated by org.testng.reporters.JUnitReportReporter -->
<testsuite skipped="0" hostname="BLRW3003034" name="com.AppScriptBag.Tests.Appscript_Cart" tests="2" failures="0" timestamp="04 Oct 2017 09:17:00 GMT" time="99.441" errors="0">
  <testcase name="AddToCart" time="76.733" classname="com.AppScriptBag.Tests.Appscript_Cart"/>
  <testcase name="RemoveBag" time="22.708" classname="com.AppScriptBag.Tests.Appscript_Cart"/>
</testsuite> <!-- com.AppScriptBag.Tests.Appscript_Cart -->
