<?xml version="1.0" encoding="UTF-8"?>
<!-- Generated by org.testng.reporters.JUnitReportReporter -->
<testsuite skipped="0" hostname="BLRW3003034" name="com.Tests.Bag.Appscript_Cart" tests="1" failures="0" timestamp="03 Oct 2017 06:40:25 GMT" time="431.206" errors="0">
  <testcase name="AddToCart" time="431.206" classname="com.Tests.Bag.Appscript_Cart"/>
</testsuite> <!-- com.Tests.Bag.Appscript_Cart -->
