<?xml version="1.0" encoding="UTF-8"?>
<!-- Generated by org.testng.reporters.JUnitReportReporter -->
<testsuite name="FooterTestNavigation.Footertest" tests="12" time="767.736" ignored="0" failures="0" timestamp="07 Jan 2018 10:08:09 GMT" skipped="0" hostname="BLRW3004375" errors="0">
  <testcase name="verifyFooterLinks_IQVIA_BeforeLogin" time="361.224" classname="FooterTestNavigation.Footertest"/>
  <testcase name="verifyFooterLinks_PrivacyPolicy_BeforeLogin" time="6.887" classname="FooterTestNavigation.Footertest"/>
  <testcase name="verifyFooterLinks_AppStore_BeforeLogin" time="27.756" classname="FooterTestNavigation.Footertest"/>
  <testcase name="verifyFooterLinks_TOS_BeforeLogin" time="7.111" classname="FooterTestNavigation.Footertest"/>
  <testcase name="verifyFooterLinks_AppStore_AfterLogin" time="34.843" classname="FooterTestNavigation.Footertest"/>
  <testcase name="VerifyHelpLink_BeforeLogin" time="10.548" classname="FooterTestNavigation.Footertest"/>
  <testcase name="verifyFooterLinks_PrivacyPolicy_AfterLogin" time="6.768" classname="FooterTestNavigation.Footertest"/>
  <testcase name="verifyLogin" time="11.376" classname="FooterTestNavigation.Footertest"/>
  <testcase name="VerifyLogout" time="3.549" classname="FooterTestNavigation.Footertest"/>
  <testcase name="verifyFooterLinks_TOS_AfterLogin" time="6.754" classname="FooterTestNavigation.Footertest"/>
  <testcase name="VerifyHelpLink_AfterLogin" time="10.615" classname="FooterTestNavigation.Footertest"/>
  <testcase name="verifyFooterLinks_IQVIA_AfterLogin" time="280.305" classname="FooterTestNavigation.Footertest"/>
</testsuite> <!-- FooterTestNavigation.Footertest -->
