<?xml version="1.0" encoding="UTF-8"?>
<!-- Generated by org.testng.reporters.JUnitReportReporter -->
<testsuite skipped="0" hostname="BLRW3003034" name="com.AppScriptBag.Tests.AddOrRemoveBag_BagLimitValidation" tests="3" failures="0" timestamp="10 Oct 2017 10:26:10 GMT" time="594.164" errors="0">
  <testcase name="RemoveBag" time="180.787" classname="com.AppScriptBag.Tests.AddOrRemoveBag_BagLimitValidation"/>
  <testcase name="VerifyBagLimitValidationMessage" time="300.183" classname="com.AppScriptBag.Tests.AddOrRemoveBag_BagLimitValidation"/>
  <testcase name="AddToBag" time="113.194" classname="com.AppScriptBag.Tests.AddOrRemoveBag_BagLimitValidation"/>
</testsuite> <!-- com.AppScriptBag.Tests.AddOrRemoveBag_BagLimitValidation -->
