<?xml version="1.0" encoding="UTF-8"?>
<!-- Generated by org.testng.reporters.JUnitReportReporter -->
<testsuite skipped="0" hostname="BLRW3003034" name="com.AppScriptBag.Tests.BagLimitValidation" tests="1" failures="0" timestamp="10 Oct 2017 12:05:31 GMT" time="19.427" errors="0">
  <testcase name="VerifyBagLimitValidationMessage" time="19.427" classname="com.AppScriptBag.Tests.BagLimitValidation"/>
</testsuite> <!-- com.AppScriptBag.Tests.BagLimitValidation -->
