<?xml version="1.0" encoding="UTF-8"?>
<!-- Generated by org.testng.reporters.JUnitReportReporter -->
<testsuite name="appscriptAutomationTest.TestcaseTrigger" tests="5" time="166.751" ignored="0" failures="0" timestamp="04 Nov 2017 18:48:29 GMT" skipped="0" hostname="BLRW3004375" errors="0">
  <testcase name="verifyAllTabsPresence" time="0.583" classname="appscriptAutomationTest.TestcaseTrigger"/>
  <testcase name="verifyDefaulttab" time="0.461" classname="appscriptAutomationTest.TestcaseTrigger"/>
  <testcase name="verifyPrice_free" time="12.441" classname="appscriptAutomationTest.TestcaseTrigger"/>
  <testcase name="verifyLogin" time="5.688" classname="appscriptAutomationTest.TestcaseTrigger"/>
  <testcase name="Prescriber" time="147.578" classname="appscriptAutomationTest.TestcaseTrigger"/>
</testsuite> <!-- appscriptAutomationTest.TestcaseTrigger -->
